[?25l[?7l[0m[36m[1m                   -`
                  .o+`
                 `ooo/
                `+oooo:
               `+oooooo:
               -+oooooo+:
             `/:-:++oooo+:
            `/++++/+++++++:
           `/++++++++++++++:
          `/+++o[0m[36m[1moooooooo[0m[36m[1moooo/`
[0m[36m[1m         [0m[36m[1m./[0m[36m[1mooosssso++osssssso[0m[36m[1m+`
[0m[36m[1m        .oossssso-````/ossssss+`
       -osssssso.      :ssssssso.
      :osssssss/        osssso+++.
     /ossssssss/        +ssssooo/-
   `/ossssso+/:-        -:/+osssso+-
  `+sso+:-`                 `.-/+oso:
 `++:.                           `-/+/
 .`                                 `/[0m
[19A[9999999D[41C[0m[1m[36m[1mHexPrism33[0m@[36m[1mHexPrismatic[0m 
[41C[0m-----------------------[0m 
[41C[0m[36m[1m[34mï…¼ OS[0m[0m:[0m Linux[0m 
[41C[0m[36m[1m[33m â”œ ïŒƒ [0m[0m:[0m Arch Linux x86_64[0m 
[41C[0m[36m[1m[33m â”œ î˜• [0m[0m:[0m 6.4.10-zen2-1-zen[0m 
[41C[0m[36m[1m[33m â”œ ï£– [0m[0m:[0m 737 (pacman)[0m 
[41C[0m[36m[1m[33m â”” ïŠ’ [0m[0m:[0m zsh 5.9[0m 

[41C[0m[36m[1m[34mï‹ DE/WM[0m[0m:[0m bspwm[0m 
[41C[0m[36m[1m[33m â”œ ï–ª [0m[0m:[0m VALYRIAN-Blue-Steel [GTK2/3][0m 
[41C[0m[36m[1m[33m â”œ ï–ª [0m[0m:[0m Adwaita [GTK2/3][0m 
[41C[0m[36m[1m[33m â”” ï„  [0m[0m:[0m kitty[0m 

[41C[0m[36m[1m[34mï„‰ PC[0m[0m:[0m HP Pavilion Gaming Laptop 15-ec2xxx[0m 
[41C[0m[36m[1m[33m â”œ ï¡š [0m[0m:[0m AMD Ryzen 5 5600H with Radeon Graphics (12) @ 3.300GHz[0m 
[41C[0m[36m[1m[33m â”œ ï¡¸ [0m[0m:[0m AMD ATI Radeon Vega Series / Radeon Vega Mobile Series[0m 
[41C[0m[36m[1m[33m â”œ ï¡¸ [0m[0m:[0m NVIDIA 01:00.0 NVIDIA Corporation TU117M[0m 
[41C[0m[36m[1m[33m â”œ ï‹› [0m[0m:[0m 3523MiB / 7279MiB[0m 
[41C[0m[36m[1m[33m â”œ ï™ [0m[0m:[0m 3 hours, 15 mins[0m 
[41C[0m[36m[1m[33m â”” ï€¾ [0m[0m:[0m 1920x1080[0m 
[41C[0m[1m[0m 
[41C[0m[1m[31mï†’   [32mï†’   [33mï†’   [34mï†’   [35mï†’   [36mï†’   [37mï†’   [30mï†’[0m 

[?25h[?7h